Equate elements:  no current cell.
Equate elements:  no current cell.

Subcircuit summary:
Circuit 1: CSRL                            |Circuit 2: CSRL                            
-------------------------------------------|-------------------------------------------
sky130_fd_pr__pfet_01v8 (7)                |sky130_fd_pr__pfet_01v8 (7)                
sky130_fd_pr__nfet_01v8 (7)                |sky130_fd_pr__nfet_01v8 (7)                
Number of devices: 14                      |Number of devices: 14                      
Number of nets: 11 **Mismatch**            |Number of nets: 13 **Mismatch**            
---------------------------------------------------------------------------------------
NET mismatches: Class fragments follow (with fanout counts):
Circuit 1: CSRL                            |Circuit 2: CSRL                            

---------------------------------------------------------------------------------------
Net: a_n40_n180#                           |Net: net1                                  
  sky130_fd_pr__nfet_01v8/(1|3) = 3        |  sky130_fd_pr__nfet_01v8/(1|3) = 3        
                                           |                                           
Net: a_540_220#                            |Net: VN                                    
  sky130_fd_pr__pfet_01v8/(1|3) = 3        |  sky130_fd_pr__nfet_01v8/(1|3) = 3        
                                           |                                           
(no matching net)                          |Net: VP                                    
                                           |  sky130_fd_pr__pfet_01v8/(1|3) = 3        
                                           |                                           
(no matching net)                          |Net: net4                                  
                                           |  sky130_fd_pr__pfet_01v8/(1|3) = 3        
---------------------------------------------------------------------------------------

---------------------------------------------------------------------------------------
(no matching net)                          |Net: VDD                                   
                                           |  sky130_fd_pr__pfet_01v8/4 = 7            
                                           |                                           
(no matching net)                          |Net: GND                                   
                                           |  sky130_fd_pr__nfet_01v8/4 = 7            
---------------------------------------------------------------------------------------

---------------------------------------------------------------------------------------
Net: Dn                                    |(no matching net)                          
  sky130_fd_pr__pfet_01v8/(1|3) = 1        |                                           
                                           |                                           
Net: D                                     |(no matching net)                          
  sky130_fd_pr__pfet_01v8/(1|3) = 1        |                                           
---------------------------------------------------------------------------------------

---------------------------------------------------------------------------------------
(no matching net)                          |Net: Dn                                    
                                           |  sky130_fd_pr__pfet_01v8/(1|3) = 1        
                                           |                                           
(no matching net)                          |Net: D                                     
                                           |  sky130_fd_pr__pfet_01v8/(1|3) = 1        
---------------------------------------------------------------------------------------

---------------------------------------------------------------------------------------
Net: Q                                     |(no matching net)                          
  sky130_fd_pr__nfet_01v8/(1|3) = 2        |                                           
  sky130_fd_pr__pfet_01v8/(1|3) = 1        |                                           
  sky130_fd_pr__pfet_01v8/2 = 1            |                                           
  sky130_fd_pr__nfet_01v8/2 = 1            |                                           
                                           |                                           
Net: Qn                                    |(no matching net)                          
  sky130_fd_pr__pfet_01v8/2 = 1            |                                           
  sky130_fd_pr__nfet_01v8/2 = 1            |                                           
  sky130_fd_pr__pfet_01v8/(1|3) = 1        |                                           
  sky130_fd_pr__nfet_01v8/(1|3) = 2        |                                           
---------------------------------------------------------------------------------------

---------------------------------------------------------------------------------------
(no matching net)                          |Net: Qn                                    
                                           |  sky130_fd_pr__nfet_01v8/(1|3) = 2        
                                           |  sky130_fd_pr__nfet_01v8/2 = 1            
                                           |  sky130_fd_pr__pfet_01v8/2 = 1            
                                           |  sky130_fd_pr__pfet_01v8/(1|3) = 1        
                                           |                                           
(no matching net)                          |Net: Q                                     
                                           |  sky130_fd_pr__nfet_01v8/(1|3) = 2        
                                           |  sky130_fd_pr__nfet_01v8/2 = 1            
                                           |  sky130_fd_pr__pfet_01v8/(1|3) = 1        
                                           |  sky130_fd_pr__pfet_01v8/2 = 1            
---------------------------------------------------------------------------------------

---------------------------------------------------------------------------------------
Net: VN                                    |(no matching net)                          
  sky130_fd_pr__nfet_01v8/4 = 7            |                                           
  sky130_fd_pr__nfet_01v8/(1|3) = 3        |                                           
                                           |                                           
Net: VP                                    |(no matching net)                          
  sky130_fd_pr__pfet_01v8/(1|3) = 3        |                                           
  sky130_fd_pr__pfet_01v8/4 = 7            |                                           
---------------------------------------------------------------------------------------

---------------------------------------------------------------------------------------
Net: CLK                                   |Net: CLK                                   
  sky130_fd_pr__nfet_01v8/2 = 3            |  sky130_fd_pr__nfet_01v8/2 = 3            
  sky130_fd_pr__pfet_01v8/2 = 3            |  sky130_fd_pr__pfet_01v8/2 = 3            
---------------------------------------------------------------------------------------

---------------------------------------------------------------------------------------
Net: a_n40_220#                            |(no matching net)                          
  sky130_fd_pr__pfet_01v8/(1|3) = 2        |                                           
  sky130_fd_pr__nfet_01v8/2 = 1            |                                           
  sky130_fd_pr__pfet_01v8/2 = 1            |                                           
  sky130_fd_pr__nfet_01v8/(1|3) = 2        |                                           
                                           |                                           
Net: a_n40_730#                            |(no matching net)                          
  sky130_fd_pr__pfet_01v8/2 = 1            |                                           
  sky130_fd_pr__nfet_01v8/(1|3) = 2        |                                           
  sky130_fd_pr__pfet_01v8/(1|3) = 2        |                                           
  sky130_fd_pr__nfet_01v8/2 = 1            |                                           
---------------------------------------------------------------------------------------

---------------------------------------------------------------------------------------
(no matching net)                          |Net: net2                                  
                                           |  sky130_fd_pr__nfet_01v8/2 = 1            
                                           |  sky130_fd_pr__nfet_01v8/(1|3) = 2        
                                           |  sky130_fd_pr__pfet_01v8/(1|3) = 2        
                                           |  sky130_fd_pr__pfet_01v8/2 = 1            
                                           |                                           
(no matching net)                          |Net: net3                                  
                                           |  sky130_fd_pr__nfet_01v8/(1|3) = 2        
                                           |  sky130_fd_pr__nfet_01v8/2 = 1            
                                           |  sky130_fd_pr__pfet_01v8/2 = 1            
                                           |  sky130_fd_pr__pfet_01v8/(1|3) = 2        
---------------------------------------------------------------------------------------
DEVICE mismatches: Class fragments follow (with node fanout counts):
Circuit 1: CSRL                            |Circuit 2: CSRL                            

---------------------------------------------------------------------------------------
Instance: sky130_fd_pr__nfet_01v84         |Instance: sky130_fd_pr__nfet_01v8M1        
  (1,3) = (10,3)                           |  (1,3) = (3,3)                            
  2 = 6                                    |  2 = 6                                    
  4 = 10                                   |  4 = 7                                    
---------------------------------------------------------------------------------------

---------------------------------------------------------------------------------------
Instance: sky130_fd_pr__nfet_01v81         |(no matching instance)                     
  (1,3) = (6,5)                            |                                           
  2 = 6                                    |                                           
  4 = 10                                   |                                           
                                           |                                           
                                           |                                           
Instance: sky130_fd_pr__nfet_01v811        |(no matching instance)                     
  (1,3) = (6,5)                            |                                           
  2 = 6                                    |                                           
  4 = 10                                   |                                           
                                           |                                           
---------------------------------------------------------------------------------------

---------------------------------------------------------------------------------------
Instance: sky130_fd_pr__nfet_01v82         |(no matching instance)                     
  (1,3) = (6,3)                            |                                           
  2 = 6                                    |                                           
  4 = 10                                   |                                           
                                           |                                           
                                           |                                           
Instance: sky130_fd_pr__nfet_01v812        |(no matching instance)                     
  (1,3) = (6,3)                            |                                           
  2 = 6                                    |                                           
  4 = 10                                   |                                           
                                           |                                           
---------------------------------------------------------------------------------------

---------------------------------------------------------------------------------------
Instance: sky130_fd_pr__nfet_01v88         |(no matching instance)                     
  (1,3) = (10,5)                           |                                           
  2 = 5                                    |                                           
  4 = 10                                   |                                           
                                           |                                           
                                           |                                           
Instance: sky130_fd_pr__nfet_01v813        |(no matching instance)                     
  (1,3) = (10,5)                           |                                           
  2 = 5                                    |                                           
  4 = 10                                   |                                           
                                           |                                           
---------------------------------------------------------------------------------------

---------------------------------------------------------------------------------------
(no matching instance)                     |Instance: sky130_fd_pr__nfet_01v8M2        
                                           |  (1,3) = (6,3)                            
                                           |  2 = 6                                    
                                           |  4 = 7                                    
                                           |                                           
                                           |                                           
(no matching instance)                     |Instance: sky130_fd_pr__nfet_01v8M3        
                                           |  (1,3) = (6,3)                            
                                           |  2 = 6                                    
                                           |  4 = 7                                    
                                           |                                           
---------------------------------------------------------------------------------------

---------------------------------------------------------------------------------------
(no matching instance)                     |Instance: sky130_fd_pr__nfet_01v8M4        
                                           |  (1,3) = (6,5)                            
                                           |  2 = 6                                    
                                           |  4 = 7                                    
                                           |                                           
                                           |                                           
(no matching instance)                     |Instance: sky130_fd_pr__nfet_01v8M5        
                                           |  (1,3) = (6,5)                            
                                           |  2 = 6                                    
                                           |  4 = 7                                    
                                           |                                           
---------------------------------------------------------------------------------------

---------------------------------------------------------------------------------------
(no matching instance)                     |Instance: sky130_fd_pr__nfet_01v8M6        
                                           |  (1,3) = (5,3)                            
                                           |  2 = 5                                    
                                           |  4 = 7                                    
                                           |                                           
                                           |                                           
(no matching instance)                     |Instance: sky130_fd_pr__nfet_01v8M7        
                                           |  (1,3) = (5,3)                            
                                           |  2 = 5                                    
                                           |  4 = 7                                    
                                           |                                           
---------------------------------------------------------------------------------------

---------------------------------------------------------------------------------------
Instance: sky130_fd_pr__pfet_01v85         |Instance: sky130_fd_pr__pfet_01v8M12       
  (1,3) = (10,3)                           |  (1,3) = (3,3)                            
  2 = 6                                    |  2 = 6                                    
  4 = 10                                   |  4 = 7                                    
---------------------------------------------------------------------------------------

---------------------------------------------------------------------------------------
Instance: sky130_fd_pr__pfet_01v80         |(no matching instance)                     
  (1,3) = (10,6)                           |                                           
  2 = 6                                    |                                           
  4 = 10                                   |                                           
                                           |                                           
                                           |                                           
Instance: sky130_fd_pr__pfet_01v86         |(no matching instance)                     
  (1,3) = (10,6)                           |                                           
  2 = 6                                    |                                           
  4 = 10                                   |                                           
                                           |                                           
---------------------------------------------------------------------------------------

---------------------------------------------------------------------------------------
Instance: sky130_fd_pr__pfet_01v83         |(no matching instance)                     
  (1,3) = (5,3)                            |                                           
  2 = 5                                    |                                           
  4 = 10                                   |                                           
                                           |                                           
                                           |                                           
Instance: sky130_fd_pr__pfet_01v89         |(no matching instance)                     
  (1,3) = (5,3)                            |                                           
  2 = 5                                    |                                           
  4 = 10                                   |                                           
                                           |                                           
---------------------------------------------------------------------------------------

---------------------------------------------------------------------------------------
Instance: sky130_fd_pr__pfet_01v87         |(no matching instance)                     
  (1,3) = (6,1)                            |                                           
  2 = 6                                    |                                           
  4 = 10                                   |                                           
                                           |                                           
                                           |                                           
Instance: sky130_fd_pr__pfet_01v810        |(no matching instance)                     
  (1,3) = (6,1)                            |                                           
  2 = 6                                    |                                           
  4 = 10                                   |                                           
                                           |                                           
---------------------------------------------------------------------------------------

---------------------------------------------------------------------------------------
(no matching instance)                     |Instance: sky130_fd_pr__pfet_01v8M8        
                                           |  (1,3) = (6,3)                            
                                           |  2 = 6                                    
                                           |  4 = 7                                    
                                           |                                           
                                           |                                           
(no matching instance)                     |Instance: sky130_fd_pr__pfet_01v8M10       
                                           |  (1,3) = (6,3)                            
                                           |  2 = 6                                    
                                           |  4 = 7                                    
                                           |                                           
---------------------------------------------------------------------------------------

---------------------------------------------------------------------------------------
(no matching instance)                     |Instance: sky130_fd_pr__pfet_01v8M9        
                                           |  (1,3) = (6,1)                            
                                           |  2 = 6                                    
                                           |  4 = 7                                    
                                           |                                           
                                           |                                           
(no matching instance)                     |Instance: sky130_fd_pr__pfet_01v8M11       
                                           |  (1,3) = (6,1)                            
                                           |  2 = 6                                    
                                           |  4 = 7                                    
                                           |                                           
---------------------------------------------------------------------------------------

---------------------------------------------------------------------------------------
(no matching instance)                     |Instance: sky130_fd_pr__pfet_01v8M13       
                                           |  (1,3) = (5,3)                            
                                           |  2 = 5                                    
                                           |  4 = 7                                    
                                           |                                           
                                           |                                           
(no matching instance)                     |Instance: sky130_fd_pr__pfet_01v8M14       
                                           |  (1,3) = (5,3)                            
                                           |  2 = 5                                    
                                           |  4 = 7                                    
                                           |                                           
---------------------------------------------------------------------------------------
Netlists do not match.
  Flattening non-matched subcircuits CSRL CSRL
Subcircuit summary:
Circuit 1: shiftreg.spice                  |Circuit 2: shiftreg_xschem.spice           
-------------------------------------------|-------------------------------------------
sky130_fd_pr__pfet_01v8 (28)               |sky130_fd_pr__pfet_01v8 (28)               
sky130_fd_pr__nfet_01v8 (28)               |sky130_fd_pr__nfet_01v8 (28)               
Number of devices: 56                      |Number of devices: 56                      
Number of nets: 29                         |Number of nets: 29                         
---------------------------------------------------------------------------------------
Resolving automorphisms by property value.
Resolving automorphisms by pin name.
Netlists match uniquely.
Circuits match correctly.
Cells have no pins;  pin matching not needed.
Device classes shiftreg.spice and shiftreg_xschem.spice are equivalent.
Circuits match uniquely.
